Heap:
 garbage-first heap   total 71680K, used 46120K [0x0000000082000000, 0x0000000100000000)
  region size 1024K, 16 young (16384K), 1 survivors (1024K)
 Metaspace       used 32838K, capacity 34101K, committed 34352K, reserved 1079296K
  class space    used 4158K, capacity 4672K, committed 4736K, reserved 1048576K
GC Heap History (14 events):
Event: 0.834 GC heap before
{Heap before GC invocations=0 (full 0):
 garbage-first heap   total 129024K, used 23552K [0x0000000082000000, 0x0000000100000000)
  region size 1024K, 24 young (24576K), 0 survivors (0K)
 Metaspace       used 5552K, capacity 7769K, committed 7808K, reserved 1056768K
  class space    used 643K, capacity 892K, committed 896K, reserved 1048576K
}
Event: 0.841 GC heap after
{Heap after GC invocations=1 (full 0):
 garbage-first heap   total 129024K, used 3372K [0x0000000082000000, 0x0000000100000000)
  region size 1024K, 3 young (3072K), 3 survivors (3072K)
 Metaspace       used 5552K, capacity 7769K, committed 7808K, reserved 1056768K
  class space    used 643K, capacity 892K, committed 896K, reserved 1048576K
}
Event: 2.717 GC heap before
{Heap before GC invocations=1 (full 0):
 garbage-first heap   total 129024K, used 77100K [0x0000000082000000, 0x0000000100000000)
  region size 1024K, 75 young (76800K), 3 survivors (3072K)
 Metaspace       used 12945K, capacity 14601K, committed 14848K, reserved 1062912K
  class space    used 1492K, capacity 1723K, committed 1792K, reserved 1048576K
}
Event: 2.744 GC heap after
{Heap after GC invocations=2 (full 0):
 garbage-first heap   total 129024K, used 8924K [0x0000000082000000, 0x0000000100000000)
  region size 1024K, 9 young (9216K), 9 survivors (9216K)
 Metaspace       used 12945K, capacity 14601K, committed 14848K, reserved 1062912K
  class space    used 1492K, capacity 1723K, committed 1792K, reserved 1048576K
}
Event: 5.048 GC heap before
{Heap before GC invocations=2 (full 0):
 garbage-first heap   total 129024K, used 77532K [0x0000000082000000, 0x0000000100000000)
  region size 1024K, 75 young (76800K), 9 survivors (9216K)
 Metaspace       used 20324K, capacity 20908K, committed 21120K, reserved 1067008K
  class space    used 2379K, capacity 2585K, committed 2688K, reserved 1048576K
}
Event: 5.066 GC heap after
{Heap after GC invocations=3 (full 0):
 garbage-first heap   total 129024K, used 18363K [0x0000000082000000, 0x0000000100000000)
  region size 1024K, 8 young (8192K), 8 survivors (8192K)
 Metaspace       used 20324K, capacity 20908K, committed 21120K, reserved 1067008K
  class space    used 2379K, capacity 2585K, committed 2688K, reserved 1048576K
}
Event: 5.101 GC heap before
{Heap before GC invocations=3 (full 0):
 garbage-first heap   total 129024K, used 19387K [0x0000000082000000, 0x0000000100000000)
  region size 1024K, 10 young (10240K), 8 survivors (8192K)
 Metaspace       used 20580K, capacity 21167K, committed 21296K, reserved 1069056K
  class space    used 2435K, capacity 2650K, committed 2688K, reserved 1048576K
}
Event: 5.112 GC heap after
{Heap after GC invocations=4 (full 0):
 garbage-first heap   total 129024K, used 19169K [0x0000000082000000, 0x0000000100000000)
  region size 1024K, 1 young (1024K), 1 survivors (1024K)
 Metaspace       used 20580K, capacity 21167K, committed 21296K, reserved 1069056K
  class space    used 2435K, capacity 2650K, committed 2688K, reserved 1048576K
}
Event: 18.681 GC heap before
{Heap before GC invocations=5 (full 0):
 garbage-first heap   total 68608K, used 64225K [0x0000000082000000, 0x0000000100000000)
  region size 1024K, 40 young (40960K), 1 survivors (1024K)
 Metaspace       used 29716K, capacity 30861K, committed 30896K, reserved 1075200K
  class space    used 3883K, capacity 4331K, committed 4352K, reserved 1048576K
}
Event: 18.690 GC heap after
{Heap after GC invocations=6 (full 0):
 garbage-first heap   total 71680K, used 30420K [0x0000000082000000, 0x0000000100000000)
  region size 1024K, 5 young (5120K), 5 survivors (5120K)
 Metaspace       used 29716K, capacity 30861K, committed 30896K, reserved 1075200K
  class space    used 3883K, capacity 4331K, committed 4352K, reserved 1048576K
}
Event: 22.410 GC heap before
{Heap before GC invocations=6 (full 0):
 garbage-first heap   total 71680K, used 51924K [0x0000000082000000, 0x0000000100000000)
  region size 1024K, 27 young (27648K), 5 survivors (5120K)
 Metaspace       used 31162K, capacity 32426K, committed 32688K, reserved 1077248K
  class space    used 4031K, capacity 4542K, committed 4608K, reserved 1048576K
}
Event: 22.421 GC heap after
{Heap after GC invocations=7 (full 0):
 garbage-first heap   total 71680K, used 32758K [0x0000000082000000, 0x0000000100000000)
  region size 1024K, 3 young (3072K), 3 survivors (3072K)
 Metaspace       used 31162K, capacity 32426K, committed 32688K, reserved 1077248K
  class space    used 4031K, capacity 4542K, committed 4608K, reserved 1048576K
}
Event: 22.432 GC heap before
{Heap before GC invocations=7 (full 0):
 garbage-first heap   total 71680K, used 53238K [0x0000000082000000, 0x0000000100000000)
  region size 1024K, 24 young (24576K), 3 survivors (3072K)
 Metaspace       used 31168K, capacity 32426K, committed 32688K, reserved 1077248K
  class space    used 4031K, capacity 4542K, committed 4608K, reserved 1048576K
}
Event: 22.436 GC heap after
{Heap after GC invocations=8 (full 0):
 garbage-first heap   total 71680K, used 32808K [0x0000000082000000, 0x0000000100000000)
  region size 1024K, 1 young (1024K), 1 survivors (1024K)
 Metaspace       used 31168K, capacity 32426K, committed 32688K, reserved 1077248K
  class space    used 4031K, capacity 4542K, committed 4608K, reserved 1048576K
}

